# JRE version: Java(TM) SE Runtime Environment (8.0_144-b01) (build 1.8.0_144-b01)
# Java VM: Java HotSpot(TM) 64-Bit Server VM (25.144-b01 mixed mode linux-amd64 compressed oops)
Heap:
 PSYoungGen      total 931840K, used 0K [0x000000076ab00000, 0x00000007c0000000, 0x00000007c0000000)
  eden space 465920K, 0% used [0x000000076ab00000,0x000000076ab00000,0x0000000787200000)
  from space 465920K, 0% used [0x0000000787200000,0x0000000787200000,0x00000007a3900000)
  to   space 465920K, 0% used [0x00000007a3900000,0x00000007a3900000,0x00000007c0000000)
 ParOldGen       total 1240064K, used 1199458K [0x00000006c0000000, 0x000000070bb00000, 0x000000076ab00000)
  object space 1240064K, 96% used [0x00000006c0000000,0x00000007093588e8,0x000000070bb00000)
 Metaspace       used 41119K, capacity 42002K, committed 42328K, reserved 1087488K
  class space    used 4870K, capacity 5082K, committed 5208K, reserved 1048576K
GC Heap History (10 events):
Event: 11,345 GC heap after
Heap after GC invocations=18 (full 5):
 PSYoungGen      total 1122304K, used 161533K [0x000000076ab00000, 0x00000007c0000000, 0x00000007c0000000)
  eden space 846848K, 0% used [0x000000076ab00000,0x000000076ab00000,0x000000079e600000)
  from space 275456K, 58% used [0x000000079e600000,0x00000007a83bf6e8,0x00000007af300000)
  to   space 275456K, 0% used [0x00000007af300000,0x00000007af300000,0x00000007c0000000)
 ParOldGen       total 1136640K, used 746336K [0x00000006c0000000, 0x0000000705600000, 0x000000076ab00000)
  object space 1136640K, 65% used [0x00000006c0000000,0x00000006ed8d81a8,0x0000000705600000)
 Metaspace       used 36739K, capacity 37644K, committed 37976K, reserved 1083392K
  class space    used 4431K, capacity 4633K, committed 4696K, reserved 1048576K
}
Event: 11,789 GC heap before
{Heap before GC invocations=19 (full 5):
 PSYoungGen      total 1122304K, used 1008381K [0x000000076ab00000, 0x00000007c0000000, 0x00000007c0000000)
  eden space 846848K, 100% used [0x000000076ab00000,0x000000079e600000,0x000000079e600000)
  from space 275456K, 58% used [0x000000079e600000,0x00000007a83bf6e8,0x00000007af300000)
  to   space 275456K, 0% used [0x00000007af300000,0x00000007af300000,0x00000007c0000000)
 ParOldGen       total 1136640K, used 746358K [0x00000006c0000000, 0x0000000705600000, 0x000000076ab00000)
  object space 1136640K, 65% used [0x00000006c0000000,0x00000006ed8ddaf0,0x0000000705600000)
 Metaspace       used 36748K, capacity 37644K, committed 37976K, reserved 1083392K
  class space    used 4431K, capacity 4633K, committed 4696K, reserved 1048576K
Event: 12,022 GC heap after
Heap after GC invocations=19 (full 5):
 PSYoungGen      total 916480K, used 222327K [0x000000076ab00000, 0x00000007c0000000, 0x00000007c0000000)
  eden space 641024K, 0% used [0x000000076ab00000,0x000000076ab00000,0x0000000791d00000)
  from space 275456K, 80% used [0x00000007af300000,0x00000007bcc1df10,0x00000007c0000000)
  to   space 378368K, 0% used [0x0000000791d00000,0x0000000791d00000,0x00000007a8e80000)
 ParOldGen       total 1136640K, used 908253K [0x00000006c0000000, 0x0000000705600000, 0x000000076ab00000)
  object space 1136640K, 79% used [0x00000006c0000000,0x00000006f76f7528,0x0000000705600000)
 Metaspace       used 36748K, capacity 37644K, committed 37976K, reserved 1083392K
  class space    used 4431K, capacity 4633K, committed 4696K, reserved 1048576K
}
Event: 13,049 GC heap before
{Heap before GC invocations=20 (full 5):
 PSYoungGen      total 916480K, used 863351K [0x000000076ab00000, 0x00000007c0000000, 0x00000007c0000000)
  eden space 641024K, 100% used [0x000000076ab00000,0x0000000791d00000,0x0000000791d00000)
  from space 275456K, 80% used [0x00000007af300000,0x00000007bcc1df10,0x00000007c0000000)
  to   space 378368K, 0% used [0x0000000791d00000,0x0000000791d00000,0x00000007a8e80000)
 ParOldGen       total 1136640K, used 908255K [0x00000006c0000000, 0x0000000705600000, 0x000000076ab00000)
  object space 1136640K, 79% used [0x00000006c0000000,0x00000006f76f7e40,0x0000000705600000)
 Metaspace       used 39314K, capacity 40202K, committed 40408K, reserved 1085440K
  class space    used 4770K, capacity 4990K, committed 5080K, reserved 1048576K
Event: 13,156 GC heap after
Heap after GC invocations=20 (full 5):
 PSYoungGen      total 973824K, used 332591K [0x000000076ab00000, 0x00000007c0000000, 0x00000007c0000000)
  eden space 641024K, 0% used [0x000000076ab00000,0x000000076ab00000,0x0000000791d00000)
  from space 332800K, 99% used [0x0000000791d00000,0x00000007a61cbe98,0x00000007a6200000)
  to   space 423936K, 0% used [0x00000007a6200000,0x00000007a6200000,0x00000007c0000000)
 ParOldGen       total 1136640K, used 908255K [0x00000006c0000000, 0x0000000705600000, 0x000000076ab00000)
  object space 1136640K, 79% used [0x00000006c0000000,0x00000006f76f7e40,0x0000000705600000)
 Metaspace       used 39314K, capacity 40202K, committed 40408K, reserved 1085440K
  class space    used 4770K, capacity 4990K, committed 5080K, reserved 1048576K
}
Event: 14,859 GC heap before
{Heap before GC invocations=21 (full 5):
 PSYoungGen      total 973824K, used 973615K [0x000000076ab00000, 0x00000007c0000000, 0x00000007c0000000)
  eden space 641024K, 100% used [0x000000076ab00000,0x0000000791d00000,0x0000000791d00000)
  from space 332800K, 99% used [0x0000000791d00000,0x00000007a61cbe98,0x00000007a6200000)
  to   space 423936K, 0% used [0x00000007a6200000,0x00000007a6200000,0x00000007c0000000)
 ParOldGen       total 1136640K, used 908255K [0x00000006c0000000, 0x0000000705600000, 0x000000076ab00000)
  object space 1136640K, 79% used [0x00000006c0000000,0x00000006f76f7e40,0x0000000705600000)
 Metaspace       used 40590K, capacity 41450K, committed 41688K, reserved 1085440K
  class space    used 4825K, capacity 5022K, committed 5080K, reserved 1048576K
Event: 15,003 GC heap after
Heap after GC invocations=21 (full 5):
 PSYoungGen      total 889856K, used 423921K [0x000000076ab00000, 0x00000007c0000000, 0x00000007c0000000)
  eden space 465920K, 0% used [0x000000076ab00000,0x000000076ab00000,0x0000000787200000)
  from space 423936K, 99% used [0x00000007a6200000,0x00000007bfffc5d8,0x00000007c0000000)
  to   space 465920K, 0% used [0x0000000787200000,0x0000000787200000,0x00000007a3900000)
 ParOldGen       total 1136640K, used 930563K [0x00000006c0000000, 0x0000000705600000, 0x000000076ab00000)
  object space 1136640K, 81% used [0x00000006c0000000,0x00000006f8cc0c88,0x0000000705600000)
 Metaspace       used 40590K, capacity 41450K, committed 41688K, reserved 1085440K
  class space    used 4825K, capacity 5022K, committed 5080K, reserved 1048576K
}
Event: 17,608 GC heap before
{Heap before GC invocations=22 (full 5):
 PSYoungGen      total 889856K, used 889841K [0x000000076ab00000, 0x00000007c0000000, 0x00000007c0000000)
  eden space 465920K, 100% used [0x000000076ab00000,0x0000000787200000,0x0000000787200000)
  from space 423936K, 99% used [0x00000007a6200000,0x00000007bfffc5d8,0x00000007c0000000)
  to   space 465920K, 0% used [0x0000000787200000,0x0000000787200000,0x00000007a3900000)
 ParOldGen       total 1136640K, used 930563K [0x00000006c0000000, 0x0000000705600000, 0x000000076ab00000)
  object space 1136640K, 81% used [0x00000006c0000000,0x00000006f8cc0c88,0x0000000705600000)
 Metaspace       used 41134K, capacity 42026K, committed 42328K, reserved 1087488K
  class space    used 4872K, capacity 5086K, committed 5208K, reserved 1048576K
Event: 17,845 GC heap after
Heap after GC invocations=22 (full 5):
 PSYoungGen      total 931840K, used 23150K [0x000000076ab00000, 0x00000007c0000000, 0x00000007c0000000)
  eden space 465920K, 0% used [0x000000076ab00000,0x000000076ab00000,0x0000000787200000)
  from space 465920K, 4% used [0x0000000787200000,0x000000078889ba18,0x00000007a3900000)
  to   space 465920K, 0% used [0x00000007a3900000,0x00000007a3900000,0x00000007c0000000)
 ParOldGen       total 1240064K, used 1239902K [0x00000006c0000000, 0x000000070bb00000, 0x000000076ab00000)
  object space 1240064K, 99% used [0x00000006c0000000,0x000000070bad7ac8,0x000000070bb00000)
 Metaspace       used 41134K, capacity 42026K, committed 42328K, reserved 1087488K
  class space    used 4872K, capacity 5086K, committed 5208K, reserved 1048576K
}
Event: 17,846 GC heap before
{Heap before GC invocations=23 (full 6):
 PSYoungGen      total 931840K, used 23150K [0x000000076ab00000, 0x00000007c0000000, 0x00000007c0000000)
  eden space 465920K, 0% used [0x000000076ab00000,0x000000076ab00000,0x0000000787200000)
  from space 465920K, 4% used [0x0000000787200000,0x000000078889ba18,0x00000007a3900000)
  to   space 465920K, 0% used [0x00000007a3900000,0x00000007a3900000,0x00000007c0000000)
 ParOldGen       total 1240064K, used 1239902K [0x00000006c0000000, 0x000000070bb00000, 0x000000076ab00000)
  object space 1240064K, 99% used [0x00000006c0000000,0x000000070bad7ac8,0x000000070bb00000)
 Metaspace       used 41134K, capacity 42026K, committed 42328K, reserved 1087488K
  class space    used 4872K, capacity 5086K, committed 5208K, reserved 1048576K

