# JRE version: Java(TM) SE Runtime Environment (8.0_144-b01) (build 1.8.0_144-b01)
# Java VM: Java HotSpot(TM) 64-Bit Server VM (25.144-b01 mixed mode linux-amd64 compressed oops)
Heap:
 PSYoungGen      total 931840K, used 0K [0x000000076ab00000, 0x00000007c0000000, 0x00000007c0000000)
  eden space 465920K, 0% used [0x000000076ab00000,0x000000076ab00000,0x0000000787200000)
  from space 465920K, 0% used [0x0000000787200000,0x0000000787200000,0x00000007a3900000)
  to   space 465920K, 0% used [0x00000007a3900000,0x00000007a3900000,0x00000007c0000000)
 ParOldGen       total 1290752K, used 1196635K [0x00000006c0000000, 0x000000070ec80000, 0x000000076ab00000)
  object space 1290752K, 92% used [0x00000006c0000000,0x0000000709096de0,0x000000070ec80000)
 Metaspace       used 41095K, capacity 42002K, committed 42328K, reserved 1087488K
  class space    used 4870K, capacity 5082K, committed 5208K, reserved 1048576K
GC Heap History (10 events):
Event: 10,730 GC heap after
Heap after GC invocations=18 (full 5):
 PSYoungGen      total 1139712K, used 117605K [0x000000076ab00000, 0x00000007c0000000, 0x00000007c0000000)
  eden space 881664K, 0% used [0x000000076ab00000,0x000000076ab00000,0x00000007a0800000)
  from space 258048K, 45% used [0x00000007a0800000,0x00000007a7ad9640,0x00000007b0400000)
  to   space 258048K, 0% used [0x00000007b0400000,0x00000007b0400000,0x00000007c0000000)
 ParOldGen       total 1172992K, used 769929K [0x00000006c0000000, 0x0000000707980000, 0x000000076ab00000)
  object space 1172992K, 65% used [0x00000006c0000000,0x00000006eefe25e8,0x0000000707980000)
 Metaspace       used 36751K, capacity 37644K, committed 37976K, reserved 1083392K
  class space    used 4431K, capacity 4633K, committed 4696K, reserved 1048576K
}
Event: 11,141 GC heap before
{Heap before GC invocations=19 (full 5):
 PSYoungGen      total 1139712K, used 999269K [0x000000076ab00000, 0x00000007c0000000, 0x00000007c0000000)
  eden space 881664K, 100% used [0x000000076ab00000,0x00000007a0800000,0x00000007a0800000)
  from space 258048K, 45% used [0x00000007a0800000,0x00000007a7ad9640,0x00000007b0400000)
  to   space 258048K, 0% used [0x00000007b0400000,0x00000007b0400000,0x00000007c0000000)
 ParOldGen       total 1172992K, used 769932K [0x00000006c0000000, 0x0000000707980000, 0x000000076ab00000)
  object space 1172992K, 65% used [0x00000006c0000000,0x00000006eefe30b0,0x0000000707980000)
 Metaspace       used 36762K, capacity 37644K, committed 37976K, reserved 1083392K
  class space    used 4431K, capacity 4633K, committed 4696K, reserved 1048576K
Event: 11,343 GC heap after
Heap after GC invocations=19 (full 5):
 PSYoungGen      total 912384K, used 235530K [0x000000076ab00000, 0x00000007c0000000, 0x00000007c0000000)
  eden space 654336K, 0% used [0x000000076ab00000,0x000000076ab00000,0x0000000792a00000)
  from space 258048K, 91% used [0x00000007b0400000,0x00000007bea028d8,0x00000007c0000000)
  to   space 371712K, 0% used [0x0000000792a00000,0x0000000792a00000,0x00000007a9500000)
 ParOldGen       total 1172992K, used 887848K [0x00000006c0000000, 0x0000000707980000, 0x000000076ab00000)
  object space 1172992K, 75% used [0x00000006c0000000,0x00000006f630a378,0x0000000707980000)
 Metaspace       used 36762K, capacity 37644K, committed 37976K, reserved 1083392K
  class space    used 4431K, capacity 4633K, committed 4696K, reserved 1048576K
}
Event: 12,218 GC heap before
{Heap before GC invocations=20 (full 5):
 PSYoungGen      total 912384K, used 889866K [0x000000076ab00000, 0x00000007c0000000, 0x00000007c0000000)
  eden space 654336K, 100% used [0x000000076ab00000,0x0000000792a00000,0x0000000792a00000)
  from space 258048K, 91% used [0x00000007b0400000,0x00000007bea028d8,0x00000007c0000000)
  to   space 371712K, 0% used [0x0000000792a00000,0x0000000792a00000,0x00000007a9500000)
 ParOldGen       total 1172992K, used 887850K [0x00000006c0000000, 0x0000000707980000, 0x000000076ab00000)
  object space 1172992K, 75% used [0x00000006c0000000,0x00000006f630ab90,0x0000000707980000)
 Metaspace       used 38185K, capacity 39058K, committed 39256K, reserved 1083392K
  class space    used 4644K, capacity 4826K, committed 4952K, reserved 1048576K
Event: 12,328 GC heap after
Heap after GC invocations=20 (full 5):
 PSYoungGen      total 1005568K, used 350794K [0x000000076ab00000, 0x00000007c0000000, 0x00000007c0000000)
  eden space 654336K, 0% used [0x000000076ab00000,0x000000076ab00000,0x0000000792a00000)
  from space 351232K, 99% used [0x0000000792a00000,0x00000007a8092a78,0x00000007a8100000)
  to   space 392192K, 0% used [0x00000007a8100000,0x00000007a8100000,0x00000007c0000000)
 ParOldGen       total 1172992K, used 887858K [0x00000006c0000000, 0x0000000707980000, 0x000000076ab00000)
  object space 1172992K, 75% used [0x00000006c0000000,0x00000006f630cb90,0x0000000707980000)
 Metaspace       used 38185K, capacity 39058K, committed 39256K, reserved 1083392K
  class space    used 4644K, capacity 4826K, committed 4952K, reserved 1048576K
}
Event: 14,078 GC heap before
{Heap before GC invocations=21 (full 5):
 PSYoungGen      total 1005568K, used 1005130K [0x000000076ab00000, 0x00000007c0000000, 0x00000007c0000000)
  eden space 654336K, 100% used [0x000000076ab00000,0x0000000792a00000,0x0000000792a00000)
  from space 351232K, 99% used [0x0000000792a00000,0x00000007a8092a78,0x00000007a8100000)
  to   space 392192K, 0% used [0x00000007a8100000,0x00000007a8100000,0x00000007c0000000)
 ParOldGen       total 1172992K, used 887858K [0x00000006c0000000, 0x0000000707980000, 0x000000076ab00000)
  object space 1172992K, 75% used [0x00000006c0000000,0x00000006f630cb90,0x0000000707980000)
 Metaspace       used 40563K, capacity 41426K, committed 41688K, reserved 1085440K
  class space    used 4823K, capacity 5018K, committed 5080K, reserved 1048576K
Event: 14,254 GC heap after
Heap after GC invocations=21 (full 5):
 PSYoungGen      total 858112K, used 392171K [0x000000076ab00000, 0x00000007c0000000, 0x00000007c0000000)
  eden space 465920K, 0% used [0x000000076ab00000,0x000000076ab00000,0x0000000787200000)
  from space 392192K, 99% used [0x00000007a8100000,0x00000007bfffaf48,0x00000007c0000000)
  to   space 465920K, 0% used [0x0000000787200000,0x0000000787200000,0x00000007a3900000)
 ParOldGen       total 1172992K, used 956564K [0x00000006c0000000, 0x0000000707980000, 0x000000076ab00000)
  object space 1172992K, 81% used [0x00000006c0000000,0x00000006fa625108,0x0000000707980000)
 Metaspace       used 40563K, capacity 41426K, committed 41688K, reserved 1085440K
  class space    used 4823K, capacity 5018K, committed 5080K, reserved 1048576K
}
Event: 16,557 GC heap before
{Heap before GC invocations=22 (full 5):
 PSYoungGen      total 858112K, used 858091K [0x000000076ab00000, 0x00000007c0000000, 0x00000007c0000000)
  eden space 465920K, 100% used [0x000000076ab00000,0x0000000787200000,0x0000000787200000)
  from space 392192K, 99% used [0x00000007a8100000,0x00000007bfffaf48,0x00000007c0000000)
  to   space 465920K, 0% used [0x0000000787200000,0x0000000787200000,0x00000007a3900000)
 ParOldGen       total 1172992K, used 956564K [0x00000006c0000000, 0x0000000707980000, 0x000000076ab00000)
  object space 1172992K, 81% used [0x00000006c0000000,0x00000006fa625108,0x0000000707980000)
 Metaspace       used 41095K, capacity 42002K, committed 42328K, reserved 1087488K
  class space    used 4870K, capacity 5082K, committed 5208K, reserved 1048576K
Event: 16,821 GC heap after
Heap after GC invocations=22 (full 5):
 PSYoungGen      total 931840K, used 152184K [0x000000076ab00000, 0x00000007c0000000, 0x00000007c0000000)
  eden space 465920K, 0% used [0x000000076ab00000,0x000000076ab00000,0x0000000787200000)
  from space 465920K, 32% used [0x0000000787200000,0x000000079069e190,0x00000007a3900000)
  to   space 465920K, 0% used [0x00000007a3900000,0x00000007a3900000,0x00000007c0000000)
 ParOldGen       total 1290752K, used 1285964K [0x00000006c0000000, 0x000000070ec80000, 0x000000076ab00000)
  object space 1290752K, 99% used [0x00000006c0000000,0x000000070e7d3238,0x000000070ec80000)
 Metaspace       used 41095K, capacity 42002K, committed 42328K, reserved 1087488K
  class space    used 4870K, capacity 5082K, committed 5208K, reserved 1048576K
}
Event: 16,822 GC heap before
{Heap before GC invocations=23 (full 6):
 PSYoungGen      total 931840K, used 152184K [0x000000076ab00000, 0x00000007c0000000, 0x00000007c0000000)
  eden space 465920K, 0% used [0x000000076ab00000,0x000000076ab00000,0x0000000787200000)
  from space 465920K, 32% used [0x0000000787200000,0x000000079069e190,0x00000007a3900000)
  to   space 465920K, 0% used [0x00000007a3900000,0x00000007a3900000,0x00000007c0000000)
 ParOldGen       total 1290752K, used 1285964K [0x00000006c0000000, 0x000000070ec80000, 0x000000076ab00000)
  object space 1290752K, 99% used [0x00000006c0000000,0x000000070e7d3238,0x000000070ec80000)
 Metaspace       used 41095K, capacity 42002K, committed 42328K, reserved 1087488K
  class space    used 4870K, capacity 5082K, committed 5208K, reserved 1048576K

